Log file opened on Sun May 22 19:48:17 2022
Host: login005.oscar.ccv.brown.edu  pid: 252134  rank ID: 0  number of ranks:  1
                      :-) GROMACS - gmx mdrun, 2018.2 (-:

                            GROMACS is written by:
     Emile Apol      Rossen Apostolov      Paul Bauer     Herman J.C. Berendsen
    Par Bjelkmar    Aldert van Buuren   Rudi van Drunen     Anton Feenstra  
  Gerrit Groenhof    Aleksei Iupinov   Christoph Junghans   Anca Hamuraru   
 Vincent Hindriksen Dimitrios Karkoulis    Peter Kasson        Jiri Kraus    
  Carsten Kutzner      Per Larsson      Justin A. Lemkul    Viveca Lindahl  
  Magnus Lundborg   Pieter Meulenhoff    Erik Marklund      Teemu Murtola   
    Szilard Pall       Sander Pronk      Roland Schulz     Alexey Shvetsov  
   Michael Shirts     Alfons Sijbers     Peter Tieleman    Teemu Virolainen 
 Christian Wennberg    Maarten Wolf   
                           and the project leaders:
        Mark Abraham, Berk Hess, Erik Lindahl, and David van der Spoel

Copyright (c) 1991-2000, University of Groningen, The Netherlands.
Copyright (c) 2001-2017, The GROMACS development team at
Uppsala University, Stockholm University and
the Royal Institute of Technology, Sweden.
check out http://www.gromacs.org for more information.

GROMACS is free software; you can redistribute it and/or modify it
under the terms of the GNU Lesser General Public License
as published by the Free Software Foundation; either version 2.1
of the License, or (at your option) any later version.

GROMACS:      gmx mdrun, version 2018.2
Executable:   /gpfs/runtime/opt/gromacs/2018.2/bin/gmx
Data prefix:  /gpfs/runtime/opt/gromacs/2018.2
Working dir:  /gpfs/data/brubenst/bfeng3/lubricin/4T_noglycan
Command line:
  gmx mdrun -v -deffnm em

GROMACS version:    2018.2
Precision:          single
Memory model:       64 bit
MPI library:        thread_mpi
OpenMP support:     enabled (GMX_OPENMP_MAX_THREADS = 64)
GPU support:        disabled
SIMD instructions:  AVX_256
FFT library:        fftw-3.3.8-sse2-avx-avx2-avx2_128
RDTSCP usage:       enabled
TNG support:        enabled
Hwloc support:      disabled
Tracing support:    disabled
Built on:           2018-07-11 19:45:04
Built by:           hkershaw@login003.oscar.ccv.brown.edu [CMAKE]
Build OS/arch:      Linux 3.10.0-514.el7.x86_64 x86_64
Build CPU vendor:   Intel
Build CPU brand:    Intel(R) Xeon(R) CPU E5-2670 0 @ 2.60GHz
Build CPU family:   6   Model: 45   Stepping: 7
Build CPU features: aes apic avx clfsh cmov cx8 cx16 htt intel lahf mmx msr nonstop_tsc pcid pclmuldq pdcm pdpe1gb popcnt pse rdtscp sse2 sse3 sse4.1 sse4.2 ssse3 tdt x2apic
C compiler:         /usr/bin/cc GNU 4.8.5
C compiler flags:    -mavx     -O3 -DNDEBUG -funroll-all-loops -fexcess-precision=fast  
C++ compiler:       /usr/bin/c++ GNU 4.8.5
C++ compiler flags:  -mavx    -std=c++11   -O3 -DNDEBUG -funroll-all-loops -fexcess-precision=fast  


Running on 1 node with total 24 cores, 24 logical cores
Hardware detected:
  CPU info:
    Vendor: Intel
    Brand:  Intel(R) Xeon(R) Gold 6126 CPU @ 2.60GHz
    Family: 6   Model: 85   Stepping: 4
    Features: aes apic avx avx2 avx512f avx512cd avx512bw avx512vl clfsh cmov cx8 cx16 f16c fma hle htt intel lahf mmx msr nonstop_tsc pcid pclmuldq pdcm pdpe1gb popcnt pse rdrnd rdtscp rtm sse2 sse3 sse4.1 sse4.2 ssse3 tdt x2apic
    Number of AVX-512 FMA units: Cannot run AVX-512 detection - assuming 2
  Hardware topology: Basic
    Sockets, cores, and logical processors:
      Socket  0: [   0] [   1] [   2] [   3] [   4] [   5] [   6] [   7] [   8] [   9] [  10] [  11]
      Socket  1: [  12] [  13] [  14] [  15] [  16] [  17] [  18] [  19] [  20] [  21] [  22] [  23]

Highest SIMD level requested by all nodes in run: AVX_512
SIMD instructions selected at compile time:       AVX_256
This program was compiled for different hardware than you are running on,
which could influence performance.

++++ PLEASE READ AND CITE THE FOLLOWING REFERENCE ++++
M. J. Abraham, T. Murtola, R. Schulz, S. Páll, J. C. Smith, B. Hess, E.
Lindahl
GROMACS: High performance molecular simulations through multi-level
parallelism from laptops to supercomputers
SoftwareX 1 (2015) pp. 19-25
-------- -------- --- Thank You --- -------- --------


++++ PLEASE READ AND CITE THE FOLLOWING REFERENCE ++++
S. Páll, M. J. Abraham, C. Kutzner, B. Hess, E. Lindahl
Tackling Exascale Software Challenges in Molecular Dynamics Simulations with
GROMACS
In S. Markidis & E. Laure (Eds.), Solving Software Challenges for Exascale 8759 (2015) pp. 3-27
-------- -------- --- Thank You --- -------- --------


++++ PLEASE READ AND CITE THE FOLLOWING REFERENCE ++++
S. Pronk, S. Páll, R. Schulz, P. Larsson, P. Bjelkmar, R. Apostolov, M. R.
Shirts, J. C. Smith, P. M. Kasson, D. van der Spoel, B. Hess, and E. Lindahl
GROMACS 4.5: a high-throughput and highly parallel open source molecular
simulation toolkit
Bioinformatics 29 (2013) pp. 845-54
-------- -------- --- Thank You --- -------- --------


++++ PLEASE READ AND CITE THE FOLLOWING REFERENCE ++++
B. Hess and C. Kutzner and D. van der Spoel and E. Lindahl
GROMACS 4: Algorithms for highly efficient, load-balanced, and scalable
molecular simulation
J. Chem. Theory Comput. 4 (2008) pp. 435-447
-------- -------- --- Thank You --- -------- --------


++++ PLEASE READ AND CITE THE FOLLOWING REFERENCE ++++
D. van der Spoel, E. Lindahl, B. Hess, G. Groenhof, A. E. Mark and H. J. C.
Berendsen
GROMACS: Fast, Flexible and Free
J. Comp. Chem. 26 (2005) pp. 1701-1719
-------- -------- --- Thank You --- -------- --------


++++ PLEASE READ AND CITE THE FOLLOWING REFERENCE ++++
E. Lindahl and B. Hess and D. van der Spoel
GROMACS 3.0: A package for molecular simulation and trajectory analysis
J. Mol. Mod. 7 (2001) pp. 306-317
-------- -------- --- Thank You --- -------- --------


++++ PLEASE READ AND CITE THE FOLLOWING REFERENCE ++++
H. J. C. Berendsen, D. van der Spoel and R. van Drunen
GROMACS: A message-passing parallel molecular dynamics implementation
Comp. Phys. Comm. 91 (1995) pp. 43-56
-------- -------- --- Thank You --- -------- --------

Input Parameters:
   integrator                     = steep
   tinit                          = 0
   dt                             = 0.001
   nsteps                         = 5000
   init-step                      = 0
   simulation-part                = 1
   comm-mode                      = Linear
   nstcomm                        = 100
   bd-fric                        = 0
   ld-seed                        = 903949055
   emtol                          = 1000
   emstep                         = 0.01
   niter                          = 20
   fcstep                         = 0
   nstcgsteep                     = 1000
   nbfgscorr                      = 10
   rtpi                           = 0.05
   nstxout                        = 0
   nstvout                        = 0
   nstfout                        = 0
   nstlog                         = 1000
   nstcalcenergy                  = 100
   nstenergy                      = 1000
   nstxout-compressed             = 0
   compressed-x-precision         = 1000
   cutoff-scheme                  = Verlet
   nstlist                        = 10
   ns-type                        = Grid
   pbc                            = xyz
   periodic-molecules             = false
   verlet-buffer-tolerance        = 0.005
   rlist                          = 1.26
   coulombtype                    = PME
   coulomb-modifier               = Potential-shift
   rcoulomb-switch                = 0
   rcoulomb                       = 1.2
   epsilon-r                      = 1
   epsilon-rf                     = inf
   vdw-type                       = Cut-off
   vdw-modifier                   = Force-switch
   rvdw-switch                    = 1
   rvdw                           = 1.2
   DispCorr                       = No
   table-extension                = 1
   fourierspacing                 = 0.12
   fourier-nx                     = 32
   fourier-ny                     = 32
   fourier-nz                     = 32
   pme-order                      = 4
   ewald-rtol                     = 1e-05
   ewald-rtol-lj                  = 0.001
   lj-pme-comb-rule               = Geometric
   ewald-geometry                 = 0
   epsilon-surface                = 0
   implicit-solvent               = No
   gb-algorithm                   = Still
   nstgbradii                     = 1
   rgbradii                       = 1
   gb-epsilon-solvent             = 80
   gb-saltconc                    = 0
   gb-obc-alpha                   = 1
   gb-obc-beta                    = 0.8
   gb-obc-gamma                   = 4.85
   gb-dielectric-offset           = 0.009
   sa-algorithm                   = Ace-approximation
   sa-surface-tension             = 2.05016
   tcoupl                         = No
   nsttcouple                     = -1
   nh-chain-length                = 0
   print-nose-hoover-chain-variables = false
   pcoupl                         = No
   pcoupltype                     = Isotropic
   nstpcouple                     = -1
   tau-p                          = 1
   compressibility (3x3):
      compressibility[    0]={ 0.00000e+00,  0.00000e+00,  0.00000e+00}
      compressibility[    1]={ 0.00000e+00,  0.00000e+00,  0.00000e+00}
      compressibility[    2]={ 0.00000e+00,  0.00000e+00,  0.00000e+00}
   ref-p (3x3):
      ref-p[    0]={ 0.00000e+00,  0.00000e+00,  0.00000e+00}
      ref-p[    1]={ 0.00000e+00,  0.00000e+00,  0.00000e+00}
      ref-p[    2]={ 0.00000e+00,  0.00000e+00,  0.00000e+00}
   refcoord-scaling               = No
   posres-com (3):
      posres-com[0]= 0.00000e+00
      posres-com[1]= 0.00000e+00
      posres-com[2]= 0.00000e+00
   posres-comB (3):
      posres-comB[0]= 0.00000e+00
      posres-comB[1]= 0.00000e+00
      posres-comB[2]= 0.00000e+00
   QMMM                           = false
   QMconstraints                  = 0
   QMMMscheme                     = 0
   MMChargeScaleFactor            = 1
qm-opts:
   ngQM                           = 0
   constraint-algorithm           = Lincs
   continuation                   = false
   Shake-SOR                      = false
   shake-tol                      = 0.0001
   lincs-order                    = 4
   lincs-iter                     = 1
   lincs-warnangle                = 30
   nwall                          = 0
   wall-type                      = 9-3
   wall-r-linpot                  = -1
   wall-atomtype[0]               = -1
   wall-atomtype[1]               = -1
   wall-density[0]                = 0
   wall-density[1]                = 0
   wall-ewald-zfac                = 3
   pull                           = false
   awh                            = false
   rotation                       = false
   interactiveMD                  = false
   disre                          = No
   disre-weighting                = Conservative
   disre-mixed                    = false
   dr-fc                          = 1000
   dr-tau                         = 0
   nstdisreout                    = 100
   orire-fc                       = 0
   orire-tau                      = 0
   nstorireout                    = 100
   free-energy                    = no
   cos-acceleration               = 0
   deform (3x3):
      deform[    0]={ 0.00000e+00,  0.00000e+00,  0.00000e+00}
      deform[    1]={ 0.00000e+00,  0.00000e+00,  0.00000e+00}
      deform[    2]={ 0.00000e+00,  0.00000e+00,  0.00000e+00}
   simulated-tempering            = false
   swapcoords                     = no
   userint1                       = 0
   userint2                       = 0
   userint3                       = 0
   userint4                       = 0
   userreal1                      = 0
   userreal2                      = 0
   userreal3                      = 0
   userreal4                      = 0
   applied-forces:
     electric-field:
       x:
         E0                       = 0
         omega                    = 0
         t0                       = 0
         sigma                    = 0
       y:
         E0                       = 0
         omega                    = 0
         t0                       = 0
         sigma                    = 0
       z:
         E0                       = 0
         omega                    = 0
         t0                       = 0
         sigma                    = 0
grpopts:
   nrdf:        5652
   ref-t:           0
   tau-t:           0
annealing:          No
annealing-npoints:           0
   acc:	           0           0           0
   nfreeze:           N           N           N
   energygrp-flags[  0]: 0


Initializing Domain Decomposition on 24 ranks

NOTE: disabling dynamic load balancing as it is only supported with dynamics, not with integrator 'steep'.

Dynamic load balancing: auto
Initial maximum inter charge-group distances:
    two-body bonded interactions: 0.382 nm, LJ-14, atoms 39 43
  multi-body bonded interactions: 0.411 nm, CMAP Dih., atoms 15 31
Minimum cell size due to bonded interactions: 0.452 nm
Maximum distance for 5 constraints, at 120 deg. angles, all-trans: 0.222 nm
Estimated maximum distance required for P-LINCS: 0.222 nm
Guess for relative PME load: 0.16
Will use 20 particle-particle and 4 PME only ranks
This is a guess, check the performance at the end of the log file
Using 4 separate PME ranks, as guessed by mdrun
Optimizing the DD grid for 20 cells with a minimum initial size of 0.452 nm
The maximum allowed number of cells is: X 6 Y 6 Z 6
Domain decomposition grid 4 x 5 x 1, separate PME ranks 4
PME domain decomposition: 4 x 1 x 1
Interleaving PP and PME ranks
This rank does only particle-particle work.

Domain decomposition rank 0, coordinates 0 0 0

The initial number of communication pulses is: X 2 Y 3
The initial domain decomposition cell size is: X 0.69 nm Y 0.56 nm

The maximum allowed distance for charge groups involved in interactions is:
                 non-bonded interactions           1.260 nm
            two-body bonded interactions  (-rdd)   1.260 nm
          multi-body bonded interactions  (-rdd)   0.555 nm
  atoms separated by up to 5 constraints  (-rcon)  0.555 nm

Using 24 MPI threads
Using 1 OpenMP thread per tMPI thread

Pinning threads with an auto-selected logical core stride of 1
System total charge: -0.000
Will do PME sum in reciprocal space for electrostatic interactions.

++++ PLEASE READ AND CITE THE FOLLOWING REFERENCE ++++
U. Essmann, L. Perera, M. L. Berkowitz, T. Darden, H. Lee and L. G. Pedersen 
A smooth particle mesh Ewald method
J. Chem. Phys. 103 (1995) pp. 8577-8592
-------- -------- --- Thank You --- -------- --------

Using a Gaussian width (1/beta) of 0.384195 nm for Ewald
Potential shift: LJ r^-12: -2.648e-01 r^-6: -5.349e-01, Ewald -8.333e-06
Initialized non-bonded Ewald correction tables, spacing: 1.02e-03 size: 1176

Generated table with 1130 data points for 1-4 COUL.
Tabscale = 500 points/nm
Generated table with 1130 data points for 1-4 LJ6.
Tabscale = 500 points/nm
Generated table with 1130 data points for 1-4 LJ12.
Tabscale = 500 points/nm

Using SIMD 4x4 nonbonded short-range kernels

Using a 4x4 pair-list setup:
  updated every 10 steps, buffer 0.060 nm, rlist 1.260 nm

Removing pbc first time

Initializing Parallel LINear Constraint Solver

++++ PLEASE READ AND CITE THE FOLLOWING REFERENCE ++++
B. Hess
P-LINCS: A Parallel Linear Constraint Solver for molecular simulation
J. Chem. Theory Comput. 4 (2008) pp. 116-122
-------- -------- --- Thank You --- -------- --------

The number of constraints is 30
There are inter charge-group constraints,
will communicate selected coordinates each lincs iteration

++++ PLEASE READ AND CITE THE FOLLOWING REFERENCE ++++
S. Miyamoto and P. A. Kollman
SETTLE: An Analytical Version of the SHAKE and RATTLE Algorithms for Rigid
Water Models
J. Comp. Chem. 13 (1992) pp. 952-962
-------- -------- --- Thank You --- -------- --------


Linking all bonded interactions to atoms

Initiating Steepest Descents
Atom distribution over 20 domains: av 140 stddev 17 min 119 max 164
Started Steepest Descents on rank 0 Sun May 22 19:48:17 2022

Steepest Descents:
   Tolerance (Fmax)   =  1.00000e+03
   Number of steps    =         5000
           Step           Time
              0        0.00000

   Energies (kJ/mol)
           Bond            U-B    Proper Dih.  Improper Dih.      CMAP Dih.
    1.09885e+01    1.46661e+01    9.47516e+01    6.48175e-01   -2.23928e+00
          LJ-14     Coulomb-14        LJ (SR)   Coulomb (SR)   Coul. recip.
    7.41771e+01    9.43048e+02    3.09937e+12   -4.12741e+04    4.57628e+02
 Position Rest.      Potential Pressure (bar)   Constr. rmsd
    2.35765e-04    3.09937e+12   -9.75828e+02    8.34465e-07

DD  step 0 load imb.: force  3.4%  pme mesh/force 3.554

           Step           Time
              1        1.00000

   Energies (kJ/mol)
           Bond            U-B    Proper Dih.  Improper Dih.      CMAP Dih.
    1.09885e+01    1.46661e+01    9.47516e+01    6.48175e-01   -2.23928e+00
          LJ-14     Coulomb-14        LJ (SR)   Coulomb (SR)   Coul. recip.
    7.41771e+01    9.43048e+02    1.13692e+09   -4.66704e+04    4.57510e+02
 Position Rest.      Potential Pressure (bar)   Constr. rmsd
    2.35766e-04    1.13688e+09   -9.75829e+02    2.38419e-07

           Step           Time
              2        2.00000

   Energies (kJ/mol)
           Bond            U-B    Proper Dih.  Improper Dih.      CMAP Dih.
    1.09885e+01    1.46661e+01    9.47516e+01    6.48175e-01   -2.23928e+00
          LJ-14     Coulomb-14        LJ (SR)   Coulomb (SR)   Coul. recip.
    7.41771e+01    9.43048e+02    1.03875e+08   -4.65924e+04    4.57768e+02
 Position Rest.      Potential Pressure (bar)   Constr. rmsd
    2.35766e-04    1.03830e+08   -9.75819e+02    2.38419e-07

           Step           Time
              3        3.00000

   Energies (kJ/mol)
           Bond            U-B    Proper Dih.  Improper Dih.      CMAP Dih.
    1.09885e+01    1.46661e+01    9.47516e+01    6.48175e-01   -2.23928e+00
          LJ-14     Coulomb-14        LJ (SR)   Coulomb (SR)   Coul. recip.
    7.41771e+01    9.43048e+02    1.85836e+07   -4.62291e+04    4.57114e+02
 Position Rest.      Potential Pressure (bar)   Constr. rmsd
    2.35766e-04    1.85390e+07   -9.75825e+02    2.38419e-07

           Step           Time
              4        4.00000

   Energies (kJ/mol)
           Bond            U-B    Proper Dih.  Improper Dih.      CMAP Dih.
    1.09885e+01    1.46661e+01    9.47516e+01    6.48175e-01   -2.23928e+00
          LJ-14     Coulomb-14        LJ (SR)   Coulomb (SR)   Coul. recip.
    7.41771e+01    9.43048e+02    6.42629e+06   -4.74991e+04    4.56858e+02
 Position Rest.      Potential Pressure (bar)   Constr. rmsd
    2.35766e-04    6.38038e+06   -9.75834e+02    2.38419e-07

           Step           Time
              5        5.00000

   Energies (kJ/mol)
           Bond            U-B    Proper Dih.  Improper Dih.      CMAP Dih.
    1.09879e+01    1.46660e+01    9.47516e+01    6.48171e-01   -2.23927e+00
          LJ-14     Coulomb-14        LJ (SR)   Coulomb (SR)   Coul. recip.
    7.41769e+01    9.43048e+02    1.61196e+06   -4.64211e+04    4.55923e+02
 Position Rest.      Potential Pressure (bar)   Constr. rmsd
    2.35764e-04    1.56714e+06   -9.75795e+02    2.38419e-07

           Step           Time
              6        6.00000

   Energies (kJ/mol)
           Bond            U-B    Proper Dih.  Improper Dih.      CMAP Dih.
    1.09837e+01    1.46652e+01    9.47516e+01    6.48218e-01   -2.23942e+00
          LJ-14     Coulomb-14        LJ (SR)   Coulomb (SR)   Coul. recip.
    7.41762e+01    9.43048e+02    1.12663e+06   -4.74764e+04    4.57695e+02
 Position Rest.      Potential Pressure (bar)   Constr. rmsd
    2.35885e-04    1.08074e+06   -9.75690e+02    5.96046e-08

           Step           Time
              7        7.00000

   Energies (kJ/mol)
           Bond            U-B    Proper Dih.  Improper Dih.      CMAP Dih.
    1.09812e+01    1.46647e+01    9.47516e+01    6.48229e-01   -2.23946e+00
          LJ-14     Coulomb-14        LJ (SR)   Coulomb (SR)   Coul. recip.
    7.41756e+01    9.43048e+02    4.98541e+05   -4.71563e+04    4.56639e+02
 Position Rest.      Potential Pressure (bar)   Constr. rmsd
    2.35945e-04    4.52977e+05   -9.75836e+02    5.96046e-07

           Step           Time
              8        8.00000

   Energies (kJ/mol)
           Bond            U-B    Proper Dih.  Improper Dih.      CMAP Dih.
    1.09058e+01    1.46499e+01    9.47510e+01    6.48773e-01   -2.24154e+00
          LJ-14     Coulomb-14        LJ (SR)   Coulomb (SR)   Coul. recip.
    7.41611e+01    9.43041e+02    1.76260e+05   -4.66799e+04    4.61371e+02
 Position Rest.      Potential Pressure (bar)   Constr. rmsd
    2.38398e-04    1.31177e+05   -9.79649e+02    8.34465e-07

           Step           Time
              9        9.00000

   Energies (kJ/mol)
           Bond            U-B    Proper Dih.  Improper Dih.      CMAP Dih.
    1.08405e+01    1.46371e+01    9.47504e+01    6.49254e-01   -2.24340e+00
          LJ-14     Coulomb-14        LJ (SR)   Coulomb (SR)   Coul. recip.
    7.41484e+01    9.43035e+02    1.37987e+05   -4.65492e+04    4.65356e+02
 Position Rest.      Potential Pressure (bar)   Constr. rmsd
    2.40757e-04    9.30394e+04   -9.84782e+02    8.34465e-07

           Step           Time
             10       10.00000

           Step           Time
             11       11.00000

   Energies (kJ/mol)
           Bond            U-B    Proper Dih.  Improper Dih.      CMAP Dih.
    1.07351e+01    1.46165e+01    9.47495e+01    6.50046e-01   -2.24643e+00
          LJ-14     Coulomb-14        LJ (SR)   Coulomb (SR)   Coul. recip.
    7.41279e+01    9.43026e+02    1.10500e+05   -4.66079e+04    4.65738e+02
 Position Rest.      Potential Pressure (bar)   Constr. rmsd
    2.45009e-04    6.54937e+04   -9.92594e+02    7.15256e-07

           Step           Time
             12       12.00000

   Energies (kJ/mol)
           Bond            U-B    Proper Dih.  Improper Dih.      CMAP Dih.
    1.05831e+01    1.45871e+01    9.47483e+01    6.51241e-01   -2.25080e+00
          LJ-14     Coulomb-14        LJ (SR)   Coulomb (SR)   Coul. recip.
    7.40977e+01    9.43012e+02    8.25623e+04   -4.67549e+04    4.64882e+02
 Position Rest.      Potential Pressure (bar)   Constr. rmsd
    2.52119e-04    3.74077e+04   -1.00270e+03    7.15256e-07

           Step           Time
             13       13.00000

   Energies (kJ/mol)
           Bond            U-B    Proper Dih.  Improper Dih.      CMAP Dih.
    9.92375e+00    1.44651e+01    9.47429e+01    6.57154e-01   -2.27103e+00
          LJ-14     Coulomb-14        LJ (SR)   Coulomb (SR)   Coul. recip.
    7.39597e+01    9.42950e+02    5.34276e+04   -4.69063e+04    4.66538e+02
 Position Rest.      Potential Pressure (bar)   Constr. rmsd
    2.97905e-04    8.12229e+03   -1.03591e+03    1.13249e-06

           Step           Time
             14       14.00000

   Energies (kJ/mol)
           Bond            U-B    Proper Dih.  Improper Dih.      CMAP Dih.
    9.01283e+00    1.43130e+01    9.47353e+01    6.68139e-01   -2.30341e+00
          LJ-14     Coulomb-14        LJ (SR)   Coulomb (SR)   Coul. recip.
    7.37396e+01    9.42853e+02    4.40653e+04   -4.70304e+04    4.66164e+02
 Position Rest.      Potential Pressure (bar)   Constr. rmsd
    4.09360e-04   -1.36593e+03   -1.06085e+03    8.94070e-07

           Step           Time
             15       15.00000

   Energies (kJ/mol)
           Bond            U-B    Proper Dih.  Improper Dih.      CMAP Dih.
    8.58208e+00    1.42489e+01    9.47316e+01    6.75195e-01   -2.32191e+00
          LJ-14     Coulomb-14        LJ (SR)   Coulomb (SR)   Coul. recip.
    7.36143e+01    9.42798e+02    3.39767e+04   -4.70535e+04    4.69660e+02
 Position Rest.      Potential Pressure (bar)   Constr. rmsd
    4.87790e-04   -1.14748e+04   -1.06788e+03    6.55651e-07

           Step           Time
             16       16.00000

           Step           Time
             17       17.00000

   Energies (kJ/mol)
           Bond            U-B    Proper Dih.  Improper Dih.      CMAP Dih.
    7.31656e+00    1.41086e+01    9.47210e+01    7.03346e-01   -2.38650e+00
          LJ-14     Coulomb-14        LJ (SR)   Coulomb (SR)   Coul. recip.
    7.31814e+01    9.42613e+02    2.50408e+04   -4.71964e+04    4.64521e+02
 Position Rest.      Potential Pressure (bar)   Constr. rmsd
    8.44297e-04   -2.05609e+04   -1.08229e+03    4.76837e-07

           Step           Time
             18       18.00000

   Energies (kJ/mol)
           Bond            U-B    Proper Dih.  Improper Dih.      CMAP Dih.
    3.94901e+00    1.52507e+01    9.47091e+01    1.00586e+00   -2.82542e+00
          LJ-14     Coulomb-14        LJ (SR)   Coulomb (SR)   Coul. recip.
    7.04262e+01    9.41450e+02    1.36972e+04   -4.75305e+04    4.57344e+02
 Position Rest.      Potential Pressure (bar)   Constr. rmsd
    5.55088e-03   -3.22519e+04   -1.09327e+03    1.19209e-07

           Step           Time
             19       19.00000

   Energies (kJ/mol)
           Bond            U-B    Proper Dih.  Improper Dih.      CMAP Dih.
    4.30112e+01    2.35895e+01    9.53874e+01    3.10190e+00   -5.00869e+00
          LJ-14     Coulomb-14        LJ (SR)   Coulomb (SR)   Coul. recip.
    6.04510e+01    9.38010e+02    1.06158e+04   -4.80697e+04    3.99847e+02
 Position Rest.      Potential Pressure (bar)   Constr. rmsd
    3.70398e-02   -3.58955e+04   -1.10480e+03    1.01328e-06

           Step           Time
             20       20.00000

   Energies (kJ/mol)
           Bond            U-B    Proper Dih.  Improper Dih.      CMAP Dih.
    2.20251e+02    6.28036e+01    9.46824e+01    1.91480e+00   -5.15070e+00
          LJ-14     Coulomb-14        LJ (SR)   Coulomb (SR)   Coul. recip.
    6.29282e+01    9.39633e+02    9.62824e+03   -4.81908e+04    3.87957e+02
 Position Rest.      Potential Pressure (bar)   Constr. rmsd
    1.33299e-01   -3.67974e+04   -1.11462e+03    2.38419e-07

           Step           Time
             21       21.00000

           Step           Time
             22       22.00000

   Energies (kJ/mol)
           Bond            U-B    Proper Dih.  Improper Dih.      CMAP Dih.
    4.56180e+02    6.73653e+01    9.49631e+01    2.44449e+00   -5.01830e+00
          LJ-14     Coulomb-14        LJ (SR)   Coulomb (SR)   Coul. recip.
    6.07003e+01    9.36564e+02    9.40976e+03   -4.83010e+04    3.76641e+02
 Position Rest.      Potential Pressure (bar)   Constr. rmsd
    1.81277e-01   -3.69012e+04   -1.11137e+03    3.57628e-07

           Step           Time
             23       23.00000

   Energies (kJ/mol)
           Bond            U-B    Proper Dih.  Improper Dih.      CMAP Dih.
    4.34002e+02    9.19217e+01    9.44160e+01    2.11437e+00   -5.89537e+00
          LJ-14     Coulomb-14        LJ (SR)   Coulomb (SR)   Coul. recip.
    5.99931e+01    9.38219e+02    9.29202e+03   -4.83807e+04    3.71246e+02
 Position Rest.      Potential Pressure (bar)   Constr. rmsd
    2.08463e-01   -3.71024e+04   -1.11346e+03    1.43051e-06

           Step           Time
             24       24.00000

           Step           Time
             25       25.00000

   Energies (kJ/mol)
           Bond            U-B    Proper Dih.  Improper Dih.      CMAP Dih.
    2.00221e+01    1.90326e+01    9.46382e+01    2.10615e+00   -5.02321e+00
          LJ-14     Coulomb-14        LJ (SR)   Coulomb (SR)   Coul. recip.
    6.04849e+01    9.38885e+02    9.23652e+03   -4.84203e+04    3.66576e+02
 Position Rest.      Potential Pressure (bar)   Constr. rmsd
    4.70055e-02   -3.76870e+04   -1.11380e+03    4.76837e-07

           Step           Time
             26       26.00000

           Step           Time
             27       27.00000

   Energies (kJ/mol)
           Bond            U-B    Proper Dih.  Improper Dih.      CMAP Dih.
    1.24127e+02    3.87326e+01    9.46782e+01    2.10182e+00   -5.82933e+00
          LJ-14     Coulomb-14        LJ (SR)   Coulomb (SR)   Coul. recip.
    5.80856e+01    9.36780e+02    9.07692e+03   -4.85522e+04    3.54668e+02
 Position Rest.      Potential Pressure (bar)   Constr. rmsd
    9.40605e-02   -3.78719e+04   -1.11606e+03    3.57628e-07

           Step           Time
             28       28.00000

   Energies (kJ/mol)
           Bond            U-B    Proper Dih.  Improper Dih.      CMAP Dih.
    5.41666e+01    2.22976e+01    9.44979e+01    2.14416e+00   -5.16455e+00
          LJ-14     Coulomb-14        LJ (SR)   Coulomb (SR)   Coul. recip.
    5.98537e+01    9.38365e+02    9.01958e+03   -4.85982e+04    3.50341e+02
 Position Rest.      Potential Pressure (bar)   Constr. rmsd
    6.55827e-02   -3.80621e+04   -1.11622e+03    1.37091e-06

           Step           Time
             29       29.00000

   Energies (kJ/mol)
           Bond            U-B    Proper Dih.  Improper Dih.      CMAP Dih.
    2.08744e+02    5.24071e+01    9.45298e+01    2.08111e+00   -6.12616e+00
          LJ-14     Coulomb-14        LJ (SR)   Coulomb (SR)   Coul. recip.
    5.72518e+01    9.36040e+02    8.92095e+03   -4.86906e+04    3.42264e+02
 Position Rest.      Potential Pressure (bar)   Constr. rmsd
    1.34004e-01   -3.80823e+04   -1.11803e+03    9.53674e-07

           Step           Time
             30       30.00000

   Energies (kJ/mol)
           Bond            U-B    Proper Dih.  Improper Dih.      CMAP Dih.
    1.35738e+02    3.06440e+01    9.43431e+01    2.17348e+00   -5.20646e+00
          LJ-14     Coulomb-14        LJ (SR)   Coulomb (SR)   Coul. recip.
    5.95166e+01    9.38078e+02    8.86881e+03   -4.87321e+04    3.38176e+02
 Position Rest.      Potential Pressure (bar)   Constr. rmsd
    1.00210e-01   -3.82697e+04   -1.11810e+03    2.98023e-07

           Step           Time
             31       31.00000

           Step           Time
             32       32.00000

   Energies (kJ/mol)
           Bond            U-B    Proper Dih.  Improper Dih.      CMAP Dih.
    2.18217e+01    2.24485e+01    9.45593e+01    2.06484e+00   -5.76867e+00
          LJ-14     Coulomb-14        LJ (SR)   Coulomb (SR)   Coul. recip.
    5.77656e+01    9.36945e+02    8.83092e+03   -4.87693e+04    3.34900e+02
 Position Rest.      Potential Pressure (bar)   Constr. rmsd
    6.84937e-02   -3.84736e+04   -1.11900e+03    4.76837e-07

           Step           Time
             33       33.00000

   Energies (kJ/mol)
           Bond            U-B    Proper Dih.  Improper Dih.      CMAP Dih.
    2.23471e+02    3.93726e+01    9.42125e+01    2.21861e+00   -5.36303e+00
          LJ-14     Coulomb-14        LJ (SR)   Coulomb (SR)   Coul. recip.
    5.90788e+01    9.37743e+02    8.70649e+03   -4.88758e+04    3.24918e+02
 Position Rest.      Potential Pressure (bar)   Constr. rmsd
    1.39582e-01   -3.84936e+04   -1.12026e+03    4.76837e-07

           Step           Time
             34       34.00000

   Energies (kJ/mol)
           Bond            U-B    Proper Dih.  Improper Dih.      CMAP Dih.
    6.23179e+01    2.95189e+01    9.44959e+01    2.05362e+00   -6.14825e+00
          LJ-14     Coulomb-14        LJ (SR)   Coulomb (SR)   Coul. recip.
    5.66734e+01    9.36193e+02    8.66998e+03   -4.89119e+04    3.21741e+02
 Position Rest.      Potential Pressure (bar)   Constr. rmsd
    9.52757e-02   -3.87450e+04   -1.12131e+03    1.13249e-06

           Step           Time
             35       35.00000

           Step           Time
             36       36.00000

   Energies (kJ/mol)
           Bond            U-B    Proper Dih.  Improper Dih.      CMAP Dih.
    4.08596e+01    2.18024e+01    9.44079e+01    2.12421e+00   -5.72161e+00
          LJ-14     Coulomb-14        LJ (SR)   Coulomb (SR)   Coul. recip.
    5.77337e+01    9.37126e+02    8.62882e+03   -4.89446e+04    3.18574e+02
 Position Rest.      Potential Pressure (bar)   Constr. rmsd
    8.52256e-02   -3.88487e+04   -1.12158e+03    1.78814e-07

           Step           Time
             37       37.00000

   Energies (kJ/mol)
           Bond            U-B    Proper Dih.  Improper Dih.      CMAP Dih.
    1.06992e+02    3.69535e+01    9.44469e+01    2.04766e+00   -6.39394e+00
          LJ-14     Coulomb-14        LJ (SR)   Coulomb (SR)   Coul. recip.
    5.59498e+01    9.35708e+02    8.56867e+03   -4.89983e+04    3.13757e+02
 Position Rest.      Potential Pressure (bar)   Constr. rmsd
    1.20261e-01   -3.88900e+04   -1.12284e+03    9.53674e-07

           Step           Time
             38       38.00000

   Energies (kJ/mol)
           Bond            U-B    Proper Dih.  Improper Dih.      CMAP Dih.
    9.17873e+01    2.69906e+01    9.43325e+01    2.15936e+00   -5.76762e+00
          LJ-14     Coulomb-14        LJ (SR)   Coulomb (SR)   Coul. recip.
    5.75344e+01    9.37031e+02    8.52832e+03   -4.90277e+04    3.10823e+02
 Position Rest.      Potential Pressure (bar)   Constr. rmsd
    1.10057e-01   -3.89843e+04   -1.12295e+03    4.76837e-07

           Step           Time
             39       39.00000

           Step           Time
             40       40.00000

   Energies (kJ/mol)
           Bond            U-B    Proper Dih.  Improper Dih.      CMAP Dih.
    1.16571e+01    2.12720e+01    9.44682e+01    2.05387e+00   -6.17843e+00
          LJ-14     Coulomb-14        LJ (SR)   Coulomb (SR)   Coul. recip.
    5.62817e+01    9.36239e+02    8.50254e+03   -4.90508e+04    3.08709e+02
 Position Rest.      Potential Pressure (bar)   Constr. rmsd
    8.88015e-02   -3.91237e+04   -1.12361e+03    7.15256e-07

           Step           Time
             41       41.00000

   Energies (kJ/mol)
           Bond            U-B    Proper Dih.  Improper Dih.      CMAP Dih.
    1.46841e+02    3.27200e+01    9.42721e+01    2.20595e+00   -5.95758e+00
          LJ-14     Coulomb-14        LJ (SR)   Coulomb (SR)   Coul. recip.
    5.70681e+01    9.36756e+02    8.37989e+03   -4.91444e+04    2.99687e+02
 Position Rest.      Potential Pressure (bar)   Constr. rmsd
    1.41991e-01   -3.92007e+04   -1.12502e+03    8.94070e-07

           Step           Time
             42       42.00000

   Energies (kJ/mol)
           Bond            U-B    Proper Dih.  Improper Dih.      CMAP Dih.
    3.04634e+01    2.50407e+01    9.44552e+01    2.03256e+00   -6.52672e+00
          LJ-14     Coulomb-14        LJ (SR)   Coulomb (SR)   Coul. recip.
    5.53108e+01    9.35635e+02    8.35400e+03   -4.91670e+04    2.97605e+02
 Position Rest.      Potential Pressure (bar)   Constr. rmsd
    1.10796e-01   -3.93788e+04   -1.12582e+03    1.13249e-06

           Step           Time
             43       43.00000

           Step           Time
             44       44.00000

   Energies (kJ/mol)
           Bond            U-B    Proper Dih.  Improper Dih.      CMAP Dih.
    3.37887e+01    2.19704e+01    9.44042e+01    2.11511e+00   -6.24369e+00
          LJ-14     Coulomb-14        LJ (SR)   Coulomb (SR)   Coul. recip.
    5.60531e+01    9.36241e+02    8.31734e+03   -4.91921e+04    2.95140e+02
 Position Rest.      Potential Pressure (bar)   Constr. rmsd
    1.11624e-01   -3.94412e+04   -1.12610e+03    9.53674e-07

           Step           Time
             45       45.00000

   Energies (kJ/mol)
           Bond            U-B    Proper Dih.  Improper Dih.      CMAP Dih.
    5.29430e+01    2.89493e+01    9.44472e+01    2.01647e+00   -6.71605e+00
          LJ-14     Coulomb-14        LJ (SR)   Coulomb (SR)   Coul. recip.
    5.47569e+01    9.35256e+02    8.27780e+03   -4.92230e+04    2.92276e+02
 Position Rest.      Potential Pressure (bar)   Constr. rmsd
    1.27698e-01   -3.94912e+04   -1.12698e+03    4.76837e-07

           Step           Time
             46       46.00000

   Energies (kJ/mol)
           Bond            U-B    Proper Dih.  Improper Dih.      CMAP Dih.
    6.70192e+01    2.53816e+01    9.43766e+01    2.14590e+00   -6.29477e+00
          LJ-14     Coulomb-14        LJ (SR)   Coulomb (SR)   Coul. recip.
    5.58981e+01    9.36135e+02    8.24239e+03   -4.92454e+04    2.90045e+02
 Position Rest.      Potential Pressure (bar)   Constr. rmsd
    1.30580e-01   -3.95382e+04   -1.12713e+03    7.15256e-07

           Step           Time
             47       47.00000

   Energies (kJ/mol)
           Bond            U-B    Proper Dih.  Improper Dih.      CMAP Dih.
    9.92171e+01    3.65224e+01    9.44239e+01    1.99076e+00   -6.93969e+00
          LJ-14     Coulomb-14        LJ (SR)   Coulomb (SR)   Coul. recip.
    5.41516e+01    9.34773e+02    8.20611e+03   -4.92739e+04    2.87418e+02
 Position Rest.      Potential Pressure (bar)   Constr. rmsd
    1.53570e-01   -3.95661e+04   -1.12811e+03    6.55651e-07

           Step           Time
             48       48.00000

   Energies (kJ/mol)
           Bond            U-B    Proper Dih.  Improper Dih.      CMAP Dih.
    1.36836e+02    3.27123e+01    9.43240e+01    2.19782e+00   -6.31736e+00
          LJ-14     Coulomb-14        LJ (SR)   Coulomb (SR)   Coul. recip.
    5.58577e+01    9.36032e+02    8.17233e+03   -4.92931e+04    2.85471e+02
 Position Rest.      Potential Pressure (bar)   Constr. rmsd
    1.61904e-01   -3.95835e+04   -1.12806e+03    1.19209e-07

           Step           Time
             49       49.00000

           Step           Time
             50       50.00000

   Energies (kJ/mol)
           Bond            U-B    Proper Dih.  Improper Dih.      CMAP Dih.
    8.25608e+00    2.13836e+01    9.44779e+01    2.01756e+00   -6.70443e+00
          LJ-14     Coulomb-14        LJ (SR)   Coulomb (SR)   Coul. recip.
    5.45851e+01    9.35324e+02    8.15536e+03   -4.93069e+04    2.84124e+02
 Position Rest.      Potential Pressure (bar)   Constr. rmsd
    1.23872e-01   -3.97580e+04   -1.12864e+03    1.37091e-06

           Step           Time
             51       51.00000

   Energies (kJ/mol)
           Bond            U-B    Proper Dih.  Improper Dih.      CMAP Dih.
    2.17868e+02    4.14416e+01    9.43471e+01    2.34190e+00   -6.69513e+00
          LJ-14     Coulomb-14        LJ (SR)   Coulomb (SR)   Coul. recip.
    5.51851e+01    9.35465e+02    7.96171e+03   -4.94272e+04    2.71872e+02
 Position Rest.      Potential Pressure (bar)   Constr. rmsd
    2.17107e-01   -3.98535e+04   -1.13100e+03    1.19209e-07

           Step           Time
             52       52.00000

   Energies (kJ/mol)
           Bond            U-B    Proper Dih.  Improper Dih.      CMAP Dih.
    2.24153e+01    2.47198e+01    9.45429e+01    1.99864e+00   -7.20814e+00
          LJ-14     Coulomb-14        LJ (SR)   Coulomb (SR)   Coul. recip.
    5.33615e+01    9.34543e+02    7.94547e+03   -4.94398e+04    2.70564e+02
 Position Rest.      Potential Pressure (bar)   Constr. rmsd
    1.58672e-01   -4.00992e+04   -1.13171e+03    5.96046e-07

           Step           Time
             53       53.00000

           Step           Time
             54       54.00000

   Energies (kJ/mol)
           Bond            U-B    Proper Dih.  Improper Dih.      CMAP Dih.
    5.94681e+01    2.58781e+01    9.45191e+01    2.14462e+00   -6.93254e+00
          LJ-14     Coulomb-14        LJ (SR)   Coulomb (SR)   Coul. recip.
    5.40996e+01    9.35008e+02    7.91022e+03   -4.94585e+04    2.68729e+02
 Position Rest.      Potential Pressure (bar)   Constr. rmsd
    1.72692e-01   -4.01152e+04   -1.13194e+03    1.19209e-07

           Step           Time
             55       55.00000

   Energies (kJ/mol)
           Bond            U-B    Proper Dih.  Improper Dih.      CMAP Dih.
    4.39220e+01    2.84049e+01    9.45591e+01    1.94646e+00   -7.34458e+00
          LJ-14     Coulomb-14        LJ (SR)   Coulomb (SR)   Coul. recip.
    5.28545e+01    9.34176e+02    7.88810e+03   -4.94734e+04    2.67258e+02
 Position Rest.      Potential Pressure (bar)   Constr. rmsd
    1.75935e-01   -4.01694e+04   -1.13263e+03    1.43051e-06

           Step           Time
             56       56.00000

           Step           Time
             57       57.00000

   Energies (kJ/mol)
           Bond            U-B    Proper Dih.  Improper Dih.      CMAP Dih.
    1.10779e+01    2.16239e+01    9.45853e+01    2.04378e+00   -7.13338e+00
          LJ-14     Coulomb-14        LJ (SR)   Coulomb (SR)   Coul. recip.
    5.34381e+01    9.34627e+02    7.87260e+03   -4.94810e+04    2.66487e+02
 Position Rest.      Potential Pressure (bar)   Constr. rmsd
    1.63588e-01   -4.02315e+04   -1.13264e+03    4.76837e-07

           Step           Time
             58       58.00000

   Energies (kJ/mol)
           Bond            U-B    Proper Dih.  Improper Dih.      CMAP Dih.
    6.44733e+01    3.18503e+01    9.45785e+01    1.93485e+00   -7.51981e+00
          LJ-14     Coulomb-14        LJ (SR)   Coulomb (SR)   Coul. recip.
    5.24122e+01    9.33827e+02    7.81789e+03   -4.95132e+04    2.63274e+02
 Position Rest.      Potential Pressure (bar)   Constr. rmsd
    1.95305e-01   -4.02603e+04   -1.13371e+03    2.98023e-07

           Step           Time
             59       59.00000

   Energies (kJ/mol)
           Bond            U-B    Proper Dih.  Improper Dih.      CMAP Dih.
    2.37430e+01    2.28388e+01    9.46188e+01    2.08161e+00   -7.21350e+00
          LJ-14     Coulomb-14        LJ (SR)   Coulomb (SR)   Coul. recip.
    5.32610e+01    9.34461e+02    7.80122e+03   -4.95207e+04    2.62517e+02
 Position Rest.      Potential Pressure (bar)   Constr. rmsd
    1.79196e-01   -4.03329e+04   -1.13364e+03    4.76837e-07

           Step           Time
             60       60.00000

           Step           Time
             61       61.00000

   Energies (kJ/mol)
           Bond            U-B    Proper Dih.  Improper Dih.      CMAP Dih.
    1.57004e+01    2.39171e+01    9.46397e+01    1.96186e+00   -7.43077e+00
          LJ-14     Coulomb-14        LJ (SR)   Coulomb (SR)   Coul. recip.
    5.25940e+01    9.34039e+02    7.78287e+03   -4.95318e+04    2.61382e+02
 Position Rest.      Potential Pressure (bar)   Constr. rmsd
    1.82190e-01   -4.03720e+04   -1.13410e+03    4.17233e-07

           Step           Time
             62       62.00000

   Energies (kJ/mol)
           Bond            U-B    Proper Dih.  Improper Dih.      CMAP Dih.
    3.85496e+01    2.44205e+01    9.46417e+01    2.11070e+00   -7.27928e+00
          LJ-14     Coulomb-14        LJ (SR)   Coulomb (SR)   Coul. recip.
    5.31511e+01    9.34337e+02    7.75185e+03   -4.95474e+04    2.59834e+02
 Position Rest.      Potential Pressure (bar)   Constr. rmsd
    1.92557e-01   -4.03956e+04   -1.10930e+03    4.76837e-07

           Step           Time
             63       63.00000

   Energies (kJ/mol)
           Bond            U-B    Proper Dih.  Improper Dih.      CMAP Dih.
    2.75538e+01    2.60772e+01    9.46644e+01    1.92948e+00   -7.56810e+00
          LJ-14     Coulomb-14        LJ (SR)   Coulomb (SR)   Coul. recip.
    5.22286e+01    9.33770e+02    7.73339e+03   -4.95589e+04    2.58648e+02
 Position Rest.      Potential Pressure (bar)   Constr. rmsd
    1.95885e-01   -4.04380e+04   -1.10987e+03    6.55651e-07

           Step           Time
             64       64.00000

           Step           Time
             65       65.00000

   Energies (kJ/mol)
           Bond            U-B    Proper Dih.  Improper Dih.      CMAP Dih.
    1.00396e+01    2.20875e+01    9.46909e+01    2.02454e+00   -7.43372e+00
          LJ-14     Coulomb-14        LJ (SR)   Coulomb (SR)   Coul. recip.
    5.26495e+01    9.34048e+02    7.71974e+03   -4.95653e+04    2.58002e+02
 Position Rest.      Potential Pressure (bar)   Constr. rmsd
    1.89908e-01   -4.04793e+04   -1.10991e+03    5.96046e-07

           Step           Time
             66       66.00000

   Energies (kJ/mol)
           Bond            U-B    Proper Dih.  Improper Dih.      CMAP Dih.
    3.89524e+01    2.80596e+01    9.46978e+01    1.91458e+00   -7.70653e+00
          LJ-14     Coulomb-14        LJ (SR)   Coulomb (SR)   Coul. recip.
    5.18826e+01    9.33502e+02    7.67659e+03   -4.95891e+04    2.55552e+02
 Position Rest.      Potential Pressure (bar)   Constr. rmsd
    2.11102e-01   -4.05154e+04   -1.11077e+03    2.38419e-07

           Step           Time
             67       67.00000

   Energies (kJ/mol)
           Bond            U-B    Proper Dih.  Improper Dih.      CMAP Dih.
    1.79148e+01    2.28387e+01    9.47353e+01    2.05770e+00   -7.51057e+00
          LJ-14     Coulomb-14        LJ (SR)   Coulomb (SR)   Coul. recip.
    5.24997e+01    9.33891e+02    7.66177e+03   -4.95956e+04    2.54905e+02
 Position Rest.      Potential Pressure (bar)   Constr. rmsd
    2.03290e-01   -4.05622e+04   -1.11075e+03    4.17233e-07

           Step           Time
             68       68.00000

           Step           Time
             69       69.00000

   Energies (kJ/mol)
           Bond            U-B    Proper Dih.  Improper Dih.      CMAP Dih.
    1.17301e+01    2.35106e+01    9.47483e+01    1.95108e+00   -7.66185e+00
          LJ-14     Coulomb-14        LJ (SR)   Coulomb (SR)   Coul. recip.
    5.20056e+01    9.33604e+02    7.64668e+03   -4.96041e+04    2.54001e+02
 Position Rest.      Potential Pressure (bar)   Constr. rmsd
    2.06029e-01   -4.05933e+04   -1.11113e+03    5.96046e-08

           Step           Time
             70       70.00000

   Energies (kJ/mol)
           Bond            U-B    Proper Dih.  Improper Dih.      CMAP Dih.
    2.70798e+01    2.38395e+01    9.47699e+01    2.08391e+00   -7.57725e+00
          LJ-14     Coulomb-14        LJ (SR)   Coulomb (SR)   Coul. recip.
    5.23840e+01    9.33756e+02    7.61754e+03   -4.96182e+04    2.52584e+02
 Position Rest.      Potential Pressure (bar)   Constr. rmsd
    2.15051e-01   -4.06215e+04   -1.11140e+03    1.19209e-07

           Step           Time
             71       71.00000

   Energies (kJ/mol)
           Bond            U-B    Proper Dih.  Improper Dih.      CMAP Dih.
    1.80837e+01    2.47759e+01    9.47817e+01    1.92174e+00   -7.77538e+00
          LJ-14     Coulomb-14        LJ (SR)   Coulomb (SR)   Coul. recip.
    5.17029e+01    9.33378e+02    7.60222e+03   -4.96271e+04    2.51627e+02
 Position Rest.      Potential Pressure (bar)   Constr. rmsd
    2.17827e-01   -4.06561e+04   -1.11186e+03    3.57628e-07

           Step           Time
             72       72.00000

   Energies (kJ/mol)
           Bond            U-B    Proper Dih.  Improper Dih.      CMAP Dih.
    4.46828e+01    2.57828e+01    9.47993e+01    2.12691e+00   -7.62828e+00
          LJ-14     Coulomb-14        LJ (SR)   Coulomb (SR)   Coul. recip.
    5.23198e+01    9.33623e+02    7.57710e+03   -4.96385e+04    2.50500e+02
 Position Rest.      Potential Pressure (bar)   Constr. rmsd
    2.29227e-01   -4.06650e+04   -1.11198e+03    4.76837e-07

           Step           Time
             73       73.00000

   Energies (kJ/mol)
           Bond            U-B    Proper Dih.  Improper Dih.      CMAP Dih.
    3.28190e+01    2.72876e+01    9.48047e+01    1.88110e+00   -7.89217e+00
          LJ-14     Coulomb-14        LJ (SR)   Coulomb (SR)   Coul. recip.
    5.13765e+01    9.33127e+02    7.56161e+03   -4.96477e+04    2.49474e+02
 Position Rest.      Potential Pressure (bar)   Constr. rmsd
    2.32367e-01   -4.07030e+04   -1.11254e+03    1.01328e-06

           Step           Time
             74       74.00000

           Step           Time
             75       75.00000

   Energies (kJ/mol)
           Bond            U-B    Proper Dih.  Improper Dih.      CMAP Dih.
    1.06217e+01    2.27032e+01    9.48473e+01    2.00946e+00   -7.76347e+00
          LJ-14     Coulomb-14        LJ (SR)   Coulomb (SR)   Coul. recip.
    5.18290e+01    9.33376e+02    7.55046e+03   -4.96524e+04    2.49007e+02
 Position Rest.      Potential Pressure (bar)   Constr. rmsd
    2.24584e-01   -4.07451e+04   -1.11252e+03    7.15256e-07

           Step           Time
             76       76.00000

   Energies (kJ/mol)
           Bond            U-B    Proper Dih.  Improper Dih.      CMAP Dih.
    4.70687e+01    2.96166e+01    9.48392e+01    1.86635e+00   -8.01600e+00
          LJ-14     Coulomb-14        LJ (SR)   Coulomb (SR)   Coul. recip.
    5.10757e+01    9.32877e+02    7.51296e+03   -4.96719e+04    2.46918e+02
 Position Rest.      Potential Pressure (bar)   Constr. rmsd
    2.48762e-01   -4.07625e+04   -1.11334e+03    1.54972e-06

           Step           Time
             77       77.00000

   Energies (kJ/mol)
           Bond            U-B    Proper Dih.  Improper Dih.      CMAP Dih.
    1.98552e+01    2.36245e+01    9.48993e+01    2.05804e+00   -7.83072e+00
          LJ-14     Coulomb-14        LJ (SR)   Coulomb (SR)   Coul. recip.
    5.17326e+01    9.33217e+02    7.50078e+03   -4.96767e+04    2.46469e+02
 Position Rest.      Potential Pressure (bar)   Constr. rmsd
    2.38606e-01   -4.08116e+04   -1.11325e+03    2.38419e-07

           Step           Time
             78       78.00000

           Step           Time
             79       79.00000

   Energies (kJ/mol)
           Bond            U-B    Proper Dih.  Improper Dih.      CMAP Dih.
    1.33188e+01    2.42008e+01    9.49035e+01    1.91633e+00   -7.96675e+00
          LJ-14     Coulomb-14        LJ (SR)   Coulomb (SR)   Coul. recip.
    5.12321e+01    9.32974e+02    7.48785e+03   -4.96837e+04    2.45681e+02
 Position Rest.      Potential Pressure (bar)   Constr. rmsd
    2.41287e-01   -4.08394e+04   -1.11362e+03    1.01328e-06

           Step           Time
             80       80.00000

   Energies (kJ/mol)
           Bond            U-B    Proper Dih.  Improper Dih.      CMAP Dih.
    3.06918e+01    2.48368e+01    9.49361e+01    2.09617e+00   -7.88746e+00
          LJ-14     Coulomb-14        LJ (SR)   Coulomb (SR)   Coul. recip.
    5.16653e+01    9.33088e+02    7.46448e+03   -4.96942e+04    2.44641e+02
 Position Rest.      Potential Pressure (bar)   Constr. rmsd
    2.50656e-01   -4.08554e+04   -1.11378e+03    8.34465e-07

           Step           Time
             81       81.00000

   Energies (kJ/mol)
           Bond            U-B    Proper Dih.  Improper Dih.      CMAP Dih.
    2.14247e+01    2.56628e+01    9.49342e+01    1.88108e+00   -8.06385e+00
          LJ-14     Coulomb-14        LJ (SR)   Coulomb (SR)   Coul. recip.
    5.09694e+01    9.32775e+02    7.45133e+03   -4.97015e+04    2.43787e+02
 Position Rest.      Potential Pressure (bar)   Constr. rmsd
    2.53394e-01   -4.08866e+04   -1.11424e+03    4.76837e-07

           Step           Time
             82       82.00000

           Step           Time
             83       83.00000

   Energies (kJ/mol)
           Bond            U-B    Proper Dih.  Improper Dih.      CMAP Dih.
    1.00119e+01    2.30465e+01    9.49719e+01    1.99879e+00   -7.98836e+00
          LJ-14     Coulomb-14        LJ (SR)   Coulomb (SR)   Coul. recip.
    5.12947e+01    9.32903e+02    7.44107e+03   -4.97059e+04    2.43363e+02
 Position Rest.      Potential Pressure (bar)   Constr. rmsd
    2.50217e-01   -4.09150e+04   -1.11425e+03    2.98023e-07

           Step           Time
             84       84.00000

   Energies (kJ/mol)
           Bond            U-B    Proper Dih.  Improper Dih.      CMAP Dih.
    2.93367e+01    2.70030e+01    9.49718e+01    1.86387e+00   -8.15903e+00
          LJ-14     Coulomb-14        LJ (SR)   Coulomb (SR)   Coul. recip.
    5.07334e+01    9.32576e+02    7.41171e+03   -4.97205e+04    2.41751e+02
 Position Rest.      Potential Pressure (bar)   Constr. rmsd
    2.66444e-01   -4.09385e+04   -1.11490e+03    4.76837e-07

           Step           Time
             85       85.00000

   Energies (kJ/mol)
           Bond            U-B    Proper Dih.  Improper Dih.      CMAP Dih.
    1.59767e+01    2.36547e+01    9.50234e+01    2.03949e+00   -8.04961e+00
          LJ-14     Coulomb-14        LJ (SR)   Coulomb (SR)   Coul. recip.
    5.12101e+01    9.32750e+02    7.40047e+03   -4.97251e+04    2.41330e+02
 Position Rest.      Potential Pressure (bar)   Constr. rmsd
    2.62275e-01   -4.09704e+04   -1.11486e+03    7.15256e-07

           Step           Time
             86       86.00000

   Energies (kJ/mol)
           Bond            U-B    Proper Dih.  Improper Dih.      CMAP Dih.
    4.46728e+01    2.94107e+01    9.49931e+01    1.82572e+00   -8.24603e+00
          LJ-14     Coulomb-14        LJ (SR)   Coulomb (SR)   Coul. recip.
    5.04922e+01    9.32386e+02    7.37910e+03   -4.97361e+04    2.40078e+02
 Position Rest.      Potential Pressure (bar)   Constr. rmsd
    2.80845e-01   -4.09711e+04   -1.11546e+03    6.55651e-07

           Step           Time
             87       87.00000

   Energies (kJ/mol)
           Bond            U-B    Proper Dih.  Improper Dih.      CMAP Dih.
    3.06332e+01    2.52633e+01    9.50619e+01    2.09516e+00   -8.08973e+00
          LJ-14     Coulomb-14        LJ (SR)   Coulomb (SR)   Coul. recip.
    5.11943e+01    9.32620e+02    7.36719e+03   -4.97405e+04    2.39708e+02
 Position Rest.      Potential Pressure (bar)   Constr. rmsd
    2.75731e-01   -4.10046e+04   -1.11534e+03    1.19209e-07

           Step           Time
             88       88.00000

           Step           Time
             89       89.00000

   Energies (kJ/mol)
           Bond            U-B    Proper Dih.  Improper Dih.      CMAP Dih.
    1.09553e+01    2.40651e+01    9.50633e+01    1.90247e+00   -8.19811e+00
          LJ-14     Coulomb-14        LJ (SR)   Coulomb (SR)   Coul. recip.
    5.06845e+01    9.32458e+02    7.35822e+03   -4.97455e+04    2.39098e+02
 Position Rest.      Potential Pressure (bar)   Constr. rmsd
    2.73148e-01   -4.10409e+04   -1.11567e+03    1.19209e-06

           Step           Time
             90       90.00000

   Energies (kJ/mol)
           Bond            U-B    Proper Dih.  Improper Dih.      CMAP Dih.
    4.72044e+01    2.72546e+01    9.51109e+01    2.16406e+00   -8.16455e+00
          LJ-14     Coulomb-14        LJ (SR)   Coulomb (SR)   Coul. recip.
    5.11301e+01    9.32435e+02    7.32750e+03   -4.97589e+04    2.37758e+02
 Position Rest.      Potential Pressure (bar)   Constr. rmsd
    2.92139e-01   -4.10463e+04   -1.11594e+03    3.57628e-07

           Step           Time
             91       91.00000

   Energies (kJ/mol)
           Bond            U-B    Proper Dih.  Improper Dih.      CMAP Dih.
    1.82281e+01    2.53954e+01    9.51052e+01    1.86043e+00   -8.29997e+00
          LJ-14     Coulomb-14        LJ (SR)   Coulomb (SR)   Coul. recip.
    5.04100e+01    9.32246e+02    7.31800e+03   -4.97643e+04    2.37048e+02
 Position Rest.      Potential Pressure (bar)   Constr. rmsd
    2.87333e-01   -4.10940e+04   -1.11637e+03    5.96046e-07

           Step           Time
             92       92.00000

           Step           Time
             93       93.00000

   Energies (kJ/mol)
           Bond            U-B    Proper Dih.  Improper Dih.      CMAP Dih.
    1.47005e+01    2.39041e+01    9.51509e+01    2.02632e+00   -8.24583e+00
          LJ-14     Coulomb-14        LJ (SR)   Coulomb (SR)   Coul. recip.
    5.07538e+01    9.32298e+02    7.30673e+03   -4.97690e+04    2.36615e+02
 Position Rest.      Potential Pressure (bar)   Constr. rmsd
    2.87697e-01   -4.11148e+04   -1.11639e+03    4.17233e-07

           Step           Time
             94       94.00000

   Energies (kJ/mol)
           Bond            U-B    Proper Dih.  Improper Dih.      CMAP Dih.
    2.63513e+01    2.67138e+01    9.51316e+01    1.83628e+00   -8.36790e+00
          LJ-14     Coulomb-14        LJ (SR)   Coulomb (SR)   Coul. recip.
    5.02263e+01    9.32096e+02    7.29065e+03   -4.97770e+04    2.35659e+02
 Position Rest.      Potential Pressure (bar)   Constr. rmsd
    2.98427e-01   -4.11264e+04   -1.11685e+03    1.19209e-07

           Step           Time
             95       95.00000

   Energies (kJ/mol)
           Bond            U-B    Proper Dih.  Improper Dih.      CMAP Dih.
    2.47438e+01    2.50385e+01    9.51912e+01    2.08126e+00   -8.28753e+00
          LJ-14     Coulomb-14        LJ (SR)   Coulomb (SR)   Coul. recip.
    5.07346e+01    9.32168e+02    7.27894e+03   -4.97817e+04    2.35275e+02
 Position Rest.      Potential Pressure (bar)   Constr. rmsd
    2.99069e-01   -4.11455e+04   -1.11680e+03    7.15256e-07

           Step           Time
             96       96.00000

   Energies (kJ/mol)
           Bond            U-B    Proper Dih.  Improper Dih.      CMAP Dih.
    4.27999e+01    2.92162e+01    9.51457e+01    1.79096e+00   -8.43804e+00
          LJ-14     Coulomb-14        LJ (SR)   Coulomb (SR)   Coul. recip.
    5.00149e+01    9.31940e+02    7.26459e+03   -4.97892e+04    2.34336e+02
 Position Rest.      Potential Pressure (bar)   Constr. rmsd
    3.12461e-01   -4.11475e+04   -1.11733e+03    1.01328e-06

           Step           Time
             97       97.00000

   Energies (kJ/mol)
           Bond            U-B    Proper Dih.  Improper Dih.      CMAP Dih.
    4.68330e+01    2.76349e+01    9.52234e+01    2.16210e+00   -8.32311e+00
          LJ-14     Coulomb-14        LJ (SR)   Coulomb (SR)   Coul. recip.
    5.07640e+01    9.32026e+02    7.25274e+03   -4.97935e+04    2.34044e+02
 Position Rest.      Potential Pressure (bar)   Constr. rmsd
    3.14325e-01   -4.11601e+04   -1.11717e+03    1.78814e-07

           Step           Time
             98       98.00000

           Step           Time
             99       99.00000

   Energies (kJ/mol)
           Bond            U-B    Proper Dih.  Improper Dih.      CMAP Dih.
    9.26724e+00    2.39902e+01    9.52238e+01    1.89731e+00   -8.39833e+00
          LJ-14     Coulomb-14        LJ (SR)   Coulomb (SR)   Coul. recip.
    5.02338e+01    9.31968e+02    7.24609e+03   -4.97972e+04    2.33509e+02
 Position Rest.      Potential Pressure (bar)   Constr. rmsd
    3.04945e-01   -4.12132e+04   -1.11750e+03    8.34465e-07


Steepest Descents converged to Fmax < 1000 in 100 steps
Potential Energy  = -4.1213160e+04
Maximum force     =  9.9169836e+02 on atom 15
Norm of force     =  6.9746031e+01

    D O M A I N   D E C O M P O S I T I O N   S T A T I S T I C S

 av. #atoms communicated per step for force:  2 x 23850.6
 av. #atoms communicated per step for LINCS:  2 x 767.9

Finished mdrun on rank 0 Sun May 22 19:48:17 2022
